app/manifest-merger-release-report.txt
-- Merging decision tree log ---
manifest
ADDED from AndroidManifest.xml:2:1
	xmlns:android
		ADDED from AndroidManifest.xml:2:11
	package
		ADDED from AndroidManifest.xml:3:5
		INJECTED from AndroidManifest.xml:0:0
		INJECTED from AndroidManifest.xml:0:0
	android:versionName
		INJECTED from AndroidManifest.xml:0:0
		INJECTED from AndroidManifest.xml:0:0
	android:versionCode
		INJECTED from AndroidManifest.xml:0:0
		INJECTED from AndroidManifest.xml:0:0
uses-permission#android.permission.CALL_PHONE
ADDED from AndroidManifest.xml:5:5
	android:name
		ADDED from AndroidManifest.xml:5:22
uses-permission#android.permission.READ_CONTACTS
ADDED from AndroidManifest.xml:6:5
	android:name
		ADDED from AndroidManifest.xml:6:22
uses-permission#android.permission.INTERACT_ACROSS_USERS_FULL
ADDED from AndroidManifest.xml:7:5
	android:name
		ADDED from AndroidManifest.xml:7:22
uses-permission#android.permission.PERMISSION_NAME
ADDED from AndroidManifest.xml:8:5
	android:name
		ADDED from AndroidManifest.xml:8:22
uses-permission#android.permission.INTERNET
ADDED from AndroidManifest.xml:11:5
	android:name
		ADDED from AndroidManifest.xml:11:22
uses-permission#android.permission.RECEIVE_SMS
ADDED from AndroidManifest.xml:13:5
	android:name
		ADDED from AndroidManifest.xml:13:22
uses-permission#android.permission.READ_SMS
ADDED from AndroidManifest.xml:14:5
	android:name
		ADDED from AndroidManifest.xml:14:22
uses-permission#android.permission.READ_PHONE_STATE
ADDED from AndroidManifest.xml:15:5
	android:name
		ADDED from AndroidManifest.xml:15:22
uses-permission#android.permission.ACCESS_NETWORK_STATE
ADDED from AndroidManifest.xml:17:5
	android:name
		ADDED from AndroidManifest.xml:17:22
uses-permission#android.permission.RECEIVE_BOOT_COMPLETED
ADDED from AndroidManifest.xml:18:5
	android:name
		ADDED from AndroidManifest.xml:18:22
uses-permission#android.permission.WRITE_SETTINGS
ADDED from AndroidManifest.xml:19:5
	android:name
		ADDED from AndroidManifest.xml:19:22
uses-permission#android.permission.VIBRATE
ADDED from AndroidManifest.xml:20:5
	android:name
		ADDED from AndroidManifest.xml:20:22
uses-permission#android.permission.WRITE_EXTERNAL_STORAGE
ADDED from AndroidManifest.xml:22:5
	android:name
		ADDED from AndroidManifest.xml:22:22
uses-permission#android.permission.ACCESS_DOWNLOAD_MANAGER
ADDED from AndroidManifest.xml:23:5
	android:name
		ADDED from AndroidManifest.xml:23:22
uses-permission#android.permission.DOWNLOAD_WITHOUT_NOTIFICATION
ADDED from AndroidManifest.xml:24:5
	android:name
		ADDED from AndroidManifest.xml:24:22
uses-permission#android.permission.DISABLE_KEYGUARD
ADDED from AndroidManifest.xml:25:5
	android:name
		ADDED from AndroidManifest.xml:25:22
uses-permission#android.permission.ACCESS_COARSE_LOCATION
ADDED from AndroidManifest.xml:27:5
	android:name
		ADDED from AndroidManifest.xml:27:22
uses-permission#android.permission.ACCESS_FINE_LOCATION
ADDED from AndroidManifest.xml:29:5
	android:name
		ADDED from AndroidManifest.xml:29:22
uses-permission#android.permission.ACCESS_WIFI_STATE
ADDED from AndroidManifest.xml:31:5
	android:name
		ADDED from AndroidManifest.xml:31:22
uses-permission#android.permission.CHANGE_WIFI_STATE
ADDED from AndroidManifest.xml:33:5
	android:name
		ADDED from AndroidManifest.xml:33:22
uses-permission#android.permission.MOUNT_UNMOUNT_FILESYSTEMS
ADDED from AndroidManifest.xml:35:5
	android:name
		ADDED from AndroidManifest.xml:35:22
uses-permission#android.permission.READ_LOGS
ADDED from AndroidManifest.xml:37:5
	android:name
		ADDED from AndroidManifest.xml:37:22
uses-permission#android.permission.GET_TASKS
ADDED from AndroidManifest.xml:38:5
	android:name
		ADDED from AndroidManifest.xml:38:22
uses-permission#android.permission.MANAGE_ACCOUNTS
ADDED from AndroidManifest.xml:39:5
	android:name
		ADDED from AndroidManifest.xml:39:22
uses-permission#android.permission.GET_ACCOUNTS
ADDED from AndroidManifest.xml:40:5
	android:name
		ADDED from AndroidManifest.xml:40:22
application
ADDED from AndroidManifest.xml:42:5
MERGED from com.android.support:support-v13:20.0.0:17:5
MERGED from com.android.support:support-v4:21.0.3:16:5
MERGED from WNGS_Android:ViewPagerIndicator:unspecified:11:5
MERGED from com.android.support:support-v4:21.0.3:16:5
MERGED from WNGS_Android:alipay_lib:unspecified:11:5
MERGED from WNGS_Android:circleimageview:unspecified:11:5
MERGED from WNGS_Android:pulltorefresh:unspecified:11:5
MERGED from com.android.support:appcompat-v7:19.1.0:19:5
MERGED from com.android.support:support-v4:21.0.3:16:5
MERGED from WNGS_Android:pulltorefresh_listfragment:unspecified:11:5
MERGED from com.android.support:appcompat-v7:19.1.0:19:5
MERGED from com.android.support:support-v4:21.0.3:16:5
MERGED from WNGS_Android:pulltorefresh:unspecified:11:5
MERGED from com.android.support:appcompat-v7:19.1.0:19:5
MERGED from com.android.support:support-v4:21.0.3:16:5
MERGED from WNGS_Android:pullrefreshlayout:unspecified:11:5
MERGED from com.android.support:support-v4:21.0.3:16:5
MERGED from WNGS_Android:photoviewlibrary:unspecified:11:5
MERGED from WNGS_Android:twowayviewcore:unspecified:26:5
MERGED from com.android.support:recyclerview-v7:21.0.2:17:5
MERGED from com.android.support:support-v4:21.0.3:16:5
MERGED from com.android.support:cardview-v7:21.0.2:16:5
MERGED from com.android.support:recyclerview-v7:21.0.2:17:5
MERGED from com.android.support:support-v4:21.0.3:16:5
MERGED from com.melnykov:floatingactionbutton:1.1.0:12:5
MERGED from com.android.support:recyclerview-v7:21.0.2:17:5
MERGED from com.android.support:support-v4:21.0.3:16:5
MERGED from com.github.castorflex.smoothprogressbar:library:1.0.0:12:5
MERGED from com.github.castorflex.smoothprogressbar:library-circular:1.0.1:12:5
MERGED from com.github.johnkil.android-progressfragment:progressfragment:1.4.0:5:5
MERGED from com.android.support:support-v4:21.0.3:16:5
MERGED from com.github.dmytrodanylyk.circular-progress-button:library:1.1.3:12:5
MERGED from com.android.support:support-v4:21.0.3:16:5
	android:label
		ADDED from AndroidManifest.xml:46:9
	android:allowBackup
		ADDED from AndroidManifest.xml:44:9
	android:icon
		ADDED from AndroidManifest.xml:45:9
	android:theme
		ADDED from AndroidManifest.xml:47:9
	android:name
		ADDED from AndroidManifest.xml:43:9
activity#com.xuhai.wngs.GuideActivity
ADDED from AndroidManifest.xml:48:9
	android:screenOrientation
		ADDED from AndroidManifest.xml:51:13
	android:label
		ADDED from AndroidManifest.xml:50:13
	android:theme
		ADDED from AndroidManifest.xml:52:13
	android:name
		ADDED from AndroidManifest.xml:49:13
intent-filter#android.intent.action.MAIN+android.intent.category.LAUNCHER
ADDED from AndroidManifest.xml:53:13
action#android.intent.action.MAIN
ADDED from AndroidManifest.xml:54:17
	android:name
		ADDED from AndroidManifest.xml:54:25
category#android.intent.category.LAUNCHER
ADDED from AndroidManifest.xml:56:17
	android:name
		ADDED from AndroidManifest.xml:56:27
activity#com.xuhai.wngs.MainActivity
ADDED from AndroidManifest.xml:59:9
	android:screenOrientation
		ADDED from AndroidManifest.xml:63:13
	android:label
		ADDED from AndroidManifest.xml:61:13
	android:name
		ADDED from AndroidManifest.xml:60:13
	android:launchMode
		ADDED from AndroidManifest.xml:62:13
activity#com.xuhai.wngs.WelcomeActivity
ADDED from AndroidManifest.xml:64:9
	android:screenOrientation
		ADDED from AndroidManifest.xml:67:13
	android:label
		ADDED from AndroidManifest.xml:66:13
	android:theme
		ADDED from AndroidManifest.xml:68:13
	android:name
		ADDED from AndroidManifest.xml:65:13
activity#com.xuhai.wngs.ShequListActivity
ADDED from AndroidManifest.xml:69:9
	android:screenOrientation
		ADDED from AndroidManifest.xml:72:13
	android:label
		ADDED from AndroidManifest.xml:71:13
	android:theme
		ADDED from AndroidManifest.xml:73:13
	android:name
		ADDED from AndroidManifest.xml:70:13
activity#cn.sharesdk.framework.ShareSDKUIShell
ADDED from AndroidManifest.xml:74:9
	android:windowSoftInputMode
		ADDED from AndroidManifest.xml:79:13
	android:screenOrientation
		ADDED from AndroidManifest.xml:77:13
	android:configChanges
		ADDED from AndroidManifest.xml:76:13
	android:theme
		ADDED from AndroidManifest.xml:78:13
	android:name
		ADDED from AndroidManifest.xml:75:13
intent-filter#android.intent.action.VIEW+android.intent.category.BROWSABLE+android.intent.category.DEFAULT
ADDED from AndroidManifest.xml:80:13
data
ADDED from AndroidManifest.xml:81:17
	android:scheme
		ADDED from AndroidManifest.xml:81:23
action#android.intent.action.VIEW
ADDED from AndroidManifest.xml:83:17
	android:name
		ADDED from AndroidManifest.xml:83:25
category#android.intent.category.BROWSABLE
ADDED from AndroidManifest.xml:85:17
	android:name
		ADDED from AndroidManifest.xml:85:27
category#android.intent.category.DEFAULT
ADDED from AndroidManifest.xml:86:17
	android:name
		ADDED from AndroidManifest.xml:86:27
activity#com.xuhai.wngs.wxapi.WXEntryActivity
ADDED from AndroidManifest.xml:91:9
	android:screenOrientation
		ADDED from AndroidManifest.xml:95:13
	android:configChanges
		ADDED from AndroidManifest.xml:93:13
	android:theme
		ADDED from AndroidManifest.xml:96:13
	android:exported
		ADDED from AndroidManifest.xml:94:13
	android:name
		ADDED from AndroidManifest.xml:92:13
activity#com.xuhai.wngs.BaseActivity
ADDED from AndroidManifest.xml:97:9
	android:screenOrientation
		ADDED from AndroidManifest.xml:100:13
	android:label
		ADDED from AndroidManifest.xml:99:13
	android:name
		ADDED from AndroidManifest.xml:98:13
activity#com.xuhai.wngs.ui.wyfw.WyfwTSBXActivity
ADDED from AndroidManifest.xml:101:9
	android:screenOrientation
		ADDED from AndroidManifest.xml:104:13
	android:label
		ADDED from AndroidManifest.xml:103:13
	android:theme
		ADDED from AndroidManifest.xml:105:13
	android:name
		ADDED from AndroidManifest.xml:102:13
activity#com.xuhai.wngs.ShequActivity
ADDED from AndroidManifest.xml:106:9
	android:screenOrientation
		ADDED from AndroidManifest.xml:109:13
	android:label
		ADDED from AndroidManifest.xml:108:13
	android:theme
		ADDED from AndroidManifest.xml:110:13
	android:name
		ADDED from AndroidManifest.xml:107:13
activity#com.xuhai.wngs.ui.wyfw.WyfwBMFWActivity
ADDED from AndroidManifest.xml:111:9
	android:screenOrientation
		ADDED from AndroidManifest.xml:114:13
	android:label
		ADDED from AndroidManifest.xml:113:13
	android:theme
		ADDED from AndroidManifest.xml:115:13
	android:name
		ADDED from AndroidManifest.xml:112:13
activity#com.xuhai.wngs.ui.wyfw.WyfwZXGGActivity
ADDED from AndroidManifest.xml:116:9
	android:screenOrientation
		ADDED from AndroidManifest.xml:119:13
	android:label
		ADDED from AndroidManifest.xml:118:13
	android:theme
		ADDED from AndroidManifest.xml:120:13
	android:name
		ADDED from AndroidManifest.xml:117:13
activity#com.xuhai.wngs.BaseActionBarAsUpActivity
ADDED from AndroidManifest.xml:121:9
	android:screenOrientation
		ADDED from AndroidManifest.xml:124:13
	android:label
		ADDED from AndroidManifest.xml:123:13
	android:name
		ADDED from AndroidManifest.xml:122:13
activity#com.xuhai.wngs.ui.shzl.ShzlBLDActivity
ADDED from AndroidManifest.xml:125:9
	android:screenOrientation
		ADDED from AndroidManifest.xml:128:13
	android:label
		ADDED from AndroidManifest.xml:127:13
	android:theme
		ADDED from AndroidManifest.xml:129:13
	android:name
		ADDED from AndroidManifest.xml:126:13
meta-data#android.app.searchable
ADDED from AndroidManifest.xml:130:13
	android:resource
		ADDED from AndroidManifest.xml:132:17
	android:name
		ADDED from AndroidManifest.xml:131:17
activity#com.xuhai.wngs.ui.shzl.ShzlBMXXActivity
ADDED from AndroidManifest.xml:134:9
	android:screenOrientation
		ADDED from AndroidManifest.xml:137:13
	android:label
		ADDED from AndroidManifest.xml:136:13
	android:theme
		ADDED from AndroidManifest.xml:138:13
	android:name
		ADDED from AndroidManifest.xml:135:13
activity#com.xuhai.wngs.ui.shzl.ShzlYHXXActivity
ADDED from AndroidManifest.xml:139:9
	android:screenOrientation
		ADDED from AndroidManifest.xml:142:13
	android:label
		ADDED from AndroidManifest.xml:141:13
	android:theme
		ADDED from AndroidManifest.xml:143:13
	android:name
		ADDED from AndroidManifest.xml:140:13
activity#com.xuhai.wngs.ui.shzl.ShzlBBSActivity
ADDED from AndroidManifest.xml:144:9
	android:screenOrientation
		ADDED from AndroidManifest.xml:147:13
	android:label
		ADDED from AndroidManifest.xml:146:13
	android:theme
		ADDED from AndroidManifest.xml:148:13
	android:name
		ADDED from AndroidManifest.xml:145:13
activity#com.xuhai.wngs.ui.sjfw.SjfwCGActivity
ADDED from AndroidManifest.xml:149:9
	android:screenOrientation
		ADDED from AndroidManifest.xml:152:13
	android:label
		ADDED from AndroidManifest.xml:151:13
	android:theme
		ADDED from AndroidManifest.xml:153:13
	android:name
		ADDED from AndroidManifest.xml:150:13
activity#com.xuhai.wngs.ui.sjfw.SjfwYLActivity
ADDED from AndroidManifest.xml:154:9
	android:screenOrientation
		ADDED from AndroidManifest.xml:157:13
	android:label
		ADDED from AndroidManifest.xml:156:13
	android:theme
		ADDED from AndroidManifest.xml:158:13
	android:name
		ADDED from AndroidManifest.xml:155:13
activity#com.xuhai.wngs.ui.sjfw.SjfwHSActivity
ADDED from AndroidManifest.xml:159:9
	android:screenOrientation
		ADDED from AndroidManifest.xml:162:13
	android:label
		ADDED from AndroidManifest.xml:161:13
	android:theme
		ADDED from AndroidManifest.xml:163:13
	android:name
		ADDED from AndroidManifest.xml:160:13
activity#com.xuhai.wngs.ui.sjfw.SjfwXYActivity
ADDED from AndroidManifest.xml:164:9
	android:screenOrientation
		ADDED from AndroidManifest.xml:167:13
	android:label
		ADDED from AndroidManifest.xml:166:13
	android:theme
		ADDED from AndroidManifest.xml:168:13
	android:name
		ADDED from AndroidManifest.xml:165:13
activity#com.xuhai.wngs.ui.sjfw.SjfwJZActivity
ADDED from AndroidManifest.xml:169:9
	android:screenOrientation
		ADDED from AndroidManifest.xml:172:13
	android:label
		ADDED from AndroidManifest.xml:171:13
	android:theme
		ADDED from AndroidManifest.xml:173:13
	android:name
		ADDED from AndroidManifest.xml:170:13
activity#com.xuhai.wngs.ui.sjfw.SjfwJYPXActivity
ADDED from AndroidManifest.xml:174:9
	android:screenOrientation
		ADDED from AndroidManifest.xml:177:13
	android:label
		ADDED from AndroidManifest.xml:176:13
	android:theme
		ADDED from AndroidManifest.xml:178:13
	android:name
		ADDED from AndroidManifest.xml:175:13
activity#com.xuhai.wngs.ui.sjfw.SjfwYDActivity
ADDED from AndroidManifest.xml:179:9
	android:screenOrientation
		ADDED from AndroidManifest.xml:182:13
	android:label
		ADDED from AndroidManifest.xml:181:13
	android:theme
		ADDED from AndroidManifest.xml:183:13
	android:name
		ADDED from AndroidManifest.xml:180:13
activity#com.xuhai.wngs.ui.sjfw.SjfwYILIAOActivity
ADDED from AndroidManifest.xml:184:9
	android:screenOrientation
		ADDED from AndroidManifest.xml:187:13
	android:label
		ADDED from AndroidManifest.xml:186:13
	android:theme
		ADDED from AndroidManifest.xml:188:13
	android:name
		ADDED from AndroidManifest.xml:185:13
activity#com.xuhai.wngs.ui.sjfw.SjfwQCBYActivity
ADDED from AndroidManifest.xml:189:9
	android:screenOrientation
		ADDED from AndroidManifest.xml:192:13
	android:label
		ADDED from AndroidManifest.xml:191:13
	android:theme
		ADDED from AndroidManifest.xml:193:13
	android:name
		ADDED from AndroidManifest.xml:190:13
activity#com.alipay.android.app.sdk.WapPayActivity
ADDED from AndroidManifest.xml:194:9
MERGED from WNGS_Android:alipay_lib:unspecified:14:9
	android:screenOrientation
		ADDED from WNGS_Android:alipay_lib:unspecified:16:13
	android:name
		ADDED from AndroidManifest.xml:194:19
activity#com.pingplusplus.android.PaymentActivity
ADDED from AndroidManifest.xml:195:9
	android:theme
		ADDED from AndroidManifest.xml:198:13
	android:name
		ADDED from AndroidManifest.xml:196:13
	android:launchMode
		ADDED from AndroidManifest.xml:197:13
receiver#com.xuhai.wngs.push.MyPushMessageReceiver
ADDED from AndroidManifest.xml:200:9
	android:name
		ADDED from AndroidManifest.xml:200:19
intent-filter#com.baidu.android.pushservice.action.MESSAGE+com.baidu.android.pushservice.action.RECEIVE+com.baidu.android.pushservice.action.notification.CLICK
ADDED from AndroidManifest.xml:201:13
action#com.baidu.android.pushservice.action.MESSAGE
ADDED from AndroidManifest.xml:204:17
	android:name
		ADDED from AndroidManifest.xml:204:25
action#com.baidu.android.pushservice.action.RECEIVE
ADDED from AndroidManifest.xml:206:17
	android:name
		ADDED from AndroidManifest.xml:206:25
action#com.baidu.android.pushservice.action.notification.CLICK
ADDED from AndroidManifest.xml:207:17
	android:name
		ADDED from AndroidManifest.xml:207:25
receiver#com.baidu.android.pushservice.PushServiceReceiver
ADDED from AndroidManifest.xml:212:9
	android:process
		ADDED from AndroidManifest.xml:214:13
	android:name
		ADDED from AndroidManifest.xml:213:13
intent-filter#android.intent.action.BOOT_COMPLETED+android.net.conn.CONNECTIVITY_CHANGE+com.baidu.android.pushservice.action.media.CLICK+com.baidu.android.pushservice.action.notification.SHOW
ADDED from AndroidManifest.xml:215:13
action#android.intent.action.BOOT_COMPLETED
ADDED from AndroidManifest.xml:216:17
	android:name
		ADDED from AndroidManifest.xml:216:25
action#android.net.conn.CONNECTIVITY_CHANGE
ADDED from AndroidManifest.xml:217:17
	android:name
		ADDED from AndroidManifest.xml:217:25
action#com.baidu.android.pushservice.action.notification.SHOW
ADDED from AndroidManifest.xml:218:17
	android:name
		ADDED from AndroidManifest.xml:218:25
action#com.baidu.android.pushservice.action.media.CLICK
ADDED from AndroidManifest.xml:219:17
	android:name
		ADDED from AndroidManifest.xml:219:25
receiver#com.baidu.android.pushservice.RegistrationReceiver
ADDED from AndroidManifest.xml:222:9
	android:process
		ADDED from AndroidManifest.xml:224:13
	android:name
		ADDED from AndroidManifest.xml:223:13
intent-filter#com.baidu.android.pushservice.action.BIND_SYNC+com.baidu.android.pushservice.action.METHOD
ADDED from AndroidManifest.xml:225:13
action#com.baidu.android.pushservice.action.METHOD
ADDED from AndroidManifest.xml:226:17
	android:name
		ADDED from AndroidManifest.xml:226:25
action#com.baidu.android.pushservice.action.BIND_SYNC
ADDED from AndroidManifest.xml:227:17
	android:name
		ADDED from AndroidManifest.xml:227:25
intent-filter#android.intent.action.PACKAGE_REMOVED
ADDED from AndroidManifest.xml:229:13
action#android.intent.action.PACKAGE_REMOVED
ADDED from AndroidManifest.xml:230:17
	android:name
		ADDED from AndroidManifest.xml:230:25
service#com.baidu.android.pushservice.PushService
ADDED from AndroidManifest.xml:236:9
	android:process
		ADDED from AndroidManifest.xml:239:13
	android:exported
		ADDED from AndroidManifest.xml:238:13
	android:name
		ADDED from AndroidManifest.xml:237:13
intent-filter#com.baidu.android.pushservice.action.PUSH_SERVICE
ADDED from AndroidManifest.xml:240:13
action#com.baidu.android.pushservice.action.PUSH_SERVICE
ADDED from AndroidManifest.xml:241:17
	android:name
		ADDED from AndroidManifest.xml:241:25
service#com.baidu.location.f
ADDED from AndroidManifest.xml:248:9
	android:process
		ADDED from AndroidManifest.xml:251:13
	android:enabled
		ADDED from AndroidManifest.xml:250:13
	android:name
		ADDED from AndroidManifest.xml:249:13
activity#com.xuhai.wngs.ui.wyfw.WyfwGJXXActivity
ADDED from AndroidManifest.xml:253:9
	android:label
		ADDED from AndroidManifest.xml:255:13
	android:theme
		ADDED from AndroidManifest.xml:256:13
	android:name
		ADDED from AndroidManifest.xml:254:13
activity#com.xuhai.wngs.WebActivity
ADDED from AndroidManifest.xml:257:9
	android:label
		ADDED from AndroidManifest.xml:259:13
	android:theme
		ADDED from AndroidManifest.xml:260:13
	android:name
		ADDED from AndroidManifest.xml:258:13
activity#com.xuhai.wngs.ui.more.LoginActivity
ADDED from AndroidManifest.xml:261:9
	android:windowSoftInputMode
		ADDED from AndroidManifest.xml:265:13
	android:label
		ADDED from AndroidManifest.xml:263:13
	android:theme
		ADDED from AndroidManifest.xml:264:13
	android:name
		ADDED from AndroidManifest.xml:262:13
activity#com.xuhai.wngs.ui.sjfw.SjfwPublicListActivity
ADDED from AndroidManifest.xml:266:9
	android:screenOrientation
		ADDED from AndroidManifest.xml:269:13
	android:label
		ADDED from AndroidManifest.xml:268:13
	android:theme
		ADDED from AndroidManifest.xml:270:13
	android:name
		ADDED from AndroidManifest.xml:267:13
activity#com.xuhai.wngs.ui.wyfw.WyfwHDActivity
ADDED from AndroidManifest.xml:271:9
	android:screenOrientation
		ADDED from AndroidManifest.xml:274:13
	android:label
		ADDED from AndroidManifest.xml:273:13
	android:theme
		ADDED from AndroidManifest.xml:275:13
	android:name
		ADDED from AndroidManifest.xml:272:13
activity#com.xuhai.wngs.ui.wyfw.WyfwZFCXActivity
ADDED from AndroidManifest.xml:276:9
	android:screenOrientation
		ADDED from AndroidManifest.xml:279:13
	android:label
		ADDED from AndroidManifest.xml:278:13
	android:theme
		ADDED from AndroidManifest.xml:280:13
	android:name
		ADDED from AndroidManifest.xml:277:13
activity#com.xuhai.wngs.ui.wyfw.WyfwDZactivity
ADDED from AndroidManifest.xml:281:9
	android:screenOrientation
		ADDED from AndroidManifest.xml:284:13
	android:label
		ADDED from AndroidManifest.xml:283:13
	android:theme
		ADDED from AndroidManifest.xml:285:13
	android:name
		ADDED from AndroidManifest.xml:282:13
activity#com.xuhai.wngs.ui.shzl.ShzlBBSContentActivity
ADDED from AndroidManifest.xml:286:9
	android:label
		ADDED from AndroidManifest.xml:288:13
	android:theme
		ADDED from AndroidManifest.xml:289:13
	android:name
		ADDED from AndroidManifest.xml:287:13
activity#com.xuhai.wngs.ui.wyfw.WyfwDZXQActivity
ADDED from AndroidManifest.xml:290:9
	android:screenOrientation
		ADDED from AndroidManifest.xml:293:13
	android:label
		ADDED from AndroidManifest.xml:292:13
	android:theme
		ADDED from AndroidManifest.xml:294:13
	android:name
		ADDED from AndroidManifest.xml:291:13
activity#com.xuhai.wngs.ui.more.MoreSHDZActivity
ADDED from AndroidManifest.xml:295:9
	android:screenOrientation
		ADDED from AndroidManifest.xml:298:13
	android:label
		ADDED from AndroidManifest.xml:297:13
	android:theme
		ADDED from AndroidManifest.xml:299:13
	android:name
		ADDED from AndroidManifest.xml:296:13
activity#com.xuhai.wngs.ui.more.MoreJFDDActivity
ADDED from AndroidManifest.xml:300:9
	android:screenOrientation
		ADDED from AndroidManifest.xml:303:13
	android:label
		ADDED from AndroidManifest.xml:302:13
	android:theme
		ADDED from AndroidManifest.xml:304:13
	android:name
		ADDED from AndroidManifest.xml:301:13
activity#com.xuhai.wngs.ui.more.MyinfoActivity
ADDED from AndroidManifest.xml:305:9
	android:screenOrientation
		ADDED from AndroidManifest.xml:308:13
	android:label
		ADDED from AndroidManifest.xml:307:13
	android:theme
		ADDED from AndroidManifest.xml:309:13
	android:name
		ADDED from AndroidManifest.xml:306:13
activity#com.xuhai.wngs.ui.more.ModifyNameActivity
ADDED from AndroidManifest.xml:310:9
	android:windowSoftInputMode
		ADDED from AndroidManifest.xml:315:13
	android:screenOrientation
		ADDED from AndroidManifest.xml:313:13
	android:label
		ADDED from AndroidManifest.xml:312:13
	android:theme
		ADDED from AndroidManifest.xml:314:13
	android:name
		ADDED from AndroidManifest.xml:311:13
activity#com.xuhai.wngs.ui.more.ModifyMessageActivity
ADDED from AndroidManifest.xml:316:9
	android:windowSoftInputMode
		ADDED from AndroidManifest.xml:321:13
	android:screenOrientation
		ADDED from AndroidManifest.xml:319:13
	android:label
		ADDED from AndroidManifest.xml:318:13
	android:theme
		ADDED from AndroidManifest.xml:320:13
	android:name
		ADDED from AndroidManifest.xml:317:13
activity#com.xuhai.wngs.ui.more.MoreJfddItemActivity
ADDED from AndroidManifest.xml:322:9
	android:screenOrientation
		ADDED from AndroidManifest.xml:325:13
	android:label
		ADDED from AndroidManifest.xml:324:13
	android:theme
		ADDED from AndroidManifest.xml:326:13
	android:name
		ADDED from AndroidManifest.xml:323:13
activity#com.xuhai.wngs.ui.more.RegisterActivity
ADDED from AndroidManifest.xml:327:9
	android:windowSoftInputMode
		ADDED from AndroidManifest.xml:332:13
	android:screenOrientation
		ADDED from AndroidManifest.xml:330:13
	android:label
		ADDED from AndroidManifest.xml:329:13
	android:theme
		ADDED from AndroidManifest.xml:331:13
	android:name
		ADDED from AndroidManifest.xml:328:13
activity#com.xuhai.wngs.ui.more.RegisterYanzhengActivity
ADDED from AndroidManifest.xml:333:9
	android:windowSoftInputMode
		ADDED from AndroidManifest.xml:338:13
	android:screenOrientation
		ADDED from AndroidManifest.xml:336:13
	android:label
		ADDED from AndroidManifest.xml:335:13
	android:theme
		ADDED from AndroidManifest.xml:337:13
	android:name
		ADDED from AndroidManifest.xml:334:13
activity#com.xuhai.wngs.ui.imgchoose.ImageChooseActivity
ADDED from AndroidManifest.xml:339:9
	android:screenOrientation
		ADDED from AndroidManifest.xml:342:13
	android:label
		ADDED from AndroidManifest.xml:341:13
	android:theme
		ADDED from AndroidManifest.xml:343:13
	android:name
		ADDED from AndroidManifest.xml:340:13
activity#com.xuhai.wngs.ui.more.PWNewActivity
ADDED from AndroidManifest.xml:344:9
	android:windowSoftInputMode
		ADDED from AndroidManifest.xml:349:13
	android:screenOrientation
		ADDED from AndroidManifest.xml:347:13
	android:label
		ADDED from AndroidManifest.xml:346:13
	android:theme
		ADDED from AndroidManifest.xml:348:13
	android:name
		ADDED from AndroidManifest.xml:345:13
activity#com.xuhai.wngs.ui.wyfw.WyfwTsbxPostActivity
ADDED from AndroidManifest.xml:350:9
	android:windowSoftInputMode
		ADDED from AndroidManifest.xml:355:13
	android:screenOrientation
		ADDED from AndroidManifest.xml:353:13
	android:label
		ADDED from AndroidManifest.xml:352:13
	android:theme
		ADDED from AndroidManifest.xml:354:13
	android:name
		ADDED from AndroidManifest.xml:351:13
activity#com.xuhai.wngs.ui.shzl.ShzlBBSHFActivity
ADDED from AndroidManifest.xml:356:9
	android:windowSoftInputMode
		ADDED from AndroidManifest.xml:361:13
	android:screenOrientation
		ADDED from AndroidManifest.xml:359:13
	android:label
		ADDED from AndroidManifest.xml:358:13
	android:theme
		ADDED from AndroidManifest.xml:360:13
	android:name
		ADDED from AndroidManifest.xml:357:13
activity#com.xuhai.wngs.ui.more.MoreYZRZActivity
ADDED from AndroidManifest.xml:362:9
	android:windowSoftInputMode
		ADDED from AndroidManifest.xml:367:13
	android:screenOrientation
		ADDED from AndroidManifest.xml:365:13
	android:label
		ADDED from AndroidManifest.xml:364:13
	android:theme
		ADDED from AndroidManifest.xml:366:13
	android:name
		ADDED from AndroidManifest.xml:363:13
activity#com.xuhai.wngs.ui.more.MoreWDJFActivity
ADDED from AndroidManifest.xml:368:9
	android:screenOrientation
		ADDED from AndroidManifest.xml:371:13
	android:label
		ADDED from AndroidManifest.xml:370:13
	android:theme
		ADDED from AndroidManifest.xml:372:13
	android:name
		ADDED from AndroidManifest.xml:369:13
activity#com.xuhai.wngs.ui.more.MoreWDDDActivity
ADDED from AndroidManifest.xml:373:9
	android:screenOrientation
		ADDED from AndroidManifest.xml:376:13
	android:label
		ADDED from AndroidManifest.xml:375:13
	android:theme
		ADDED from AndroidManifest.xml:377:13
	android:name
		ADDED from AndroidManifest.xml:374:13
activity#com.xuhai.wngs.ui.shzl.ShzlBldCPLBActivity
ADDED from AndroidManifest.xml:378:9
	android:windowSoftInputMode
		ADDED from AndroidManifest.xml:383:13
	android:screenOrientation
		ADDED from AndroidManifest.xml:381:13
	android:label
		ADDED from AndroidManifest.xml:380:13
	android:theme
		ADDED from AndroidManifest.xml:382:13
	android:name
		ADDED from AndroidManifest.xml:379:13
intent-filter#android.intent.action.SEARCH
ADDED from AndroidManifest.xml:384:13
action#android.intent.action.SEARCH
ADDED from AndroidManifest.xml:385:17
	android:name
		ADDED from AndroidManifest.xml:385:25
activity#com.xuhai.wngs.ui.more.MoreJFDHActivity
ADDED from AndroidManifest.xml:388:9
	android:screenOrientation
		ADDED from AndroidManifest.xml:391:13
	android:label
		ADDED from AndroidManifest.xml:390:13
	android:theme
		ADDED from AndroidManifest.xml:392:13
	android:name
		ADDED from AndroidManifest.xml:389:13
activity#com.xuhai.wngs.ui.more.MoreJfdhItemActivity
ADDED from AndroidManifest.xml:393:9
	android:screenOrientation
		ADDED from AndroidManifest.xml:396:13
	android:label
		ADDED from AndroidManifest.xml:395:13
	android:theme
		ADDED from AndroidManifest.xml:397:13
	android:name
		ADDED from AndroidManifest.xml:394:13
activity#com.xuhai.wngs.ui.shzl.ShzlBldSPXQActivity
ADDED from AndroidManifest.xml:398:9
	android:screenOrientation
		ADDED from AndroidManifest.xml:401:13
	android:label
		ADDED from AndroidManifest.xml:400:13
	android:theme
		ADDED from AndroidManifest.xml:402:13
	android:name
		ADDED from AndroidManifest.xml:399:13
activity#com.xuhai.wngs.ui.shzl.ShzlBldCARActivity
ADDED from AndroidManifest.xml:403:9
	android:screenOrientation
		ADDED from AndroidManifest.xml:406:13
	android:label
		ADDED from AndroidManifest.xml:405:13
	android:theme
		ADDED from AndroidManifest.xml:407:13
	android:name
		ADDED from AndroidManifest.xml:404:13
activity#com.xuhai.wngs.ui.shzl.ShzlBldQRDDActivity
ADDED from AndroidManifest.xml:408:9
	android:screenOrientation
		ADDED from AndroidManifest.xml:411:13
	android:label
		ADDED from AndroidManifest.xml:410:13
	android:theme
		ADDED from AndroidManifest.xml:412:13
	android:name
		ADDED from AndroidManifest.xml:409:13
activity#com.xuhai.wngs.ui.more.MoreWdddItemActivity
ADDED from AndroidManifest.xml:413:9
	android:screenOrientation
		ADDED from AndroidManifest.xml:416:13
	android:label
		ADDED from AndroidManifest.xml:415:13
	android:theme
		ADDED from AndroidManifest.xml:417:13
	android:name
		ADDED from AndroidManifest.xml:414:13
activity#com.xuhai.wngs.ui.more.MoreWdddPj
ADDED from AndroidManifest.xml:418:9
	android:windowSoftInputMode
		ADDED from AndroidManifest.xml:423:13
	android:screenOrientation
		ADDED from AndroidManifest.xml:421:13
	android:label
		ADDED from AndroidManifest.xml:420:13